IQ-TREE multicore version 2.2.0 COVID-edition for Linux 64-bit built Nov 20 2021 built Nov 20 2021
Developed by Bui Quang Minh, James Barbetti, Nguyen Lam Tung,
Olga Chernomor, Heiko Schmidt, Dominik Schrempf, Michael Woodhams, Ly Trong Nhan.

Host:    cl003 (AVX2, FMA3, 251 GB RAM)
Command: iqtree -pre sim/alignment//iqtree -af fasta -quiet --alisim alignment -m LG+G+C40 -t sim/tree//sub.tre --length 1000
Seed:    477200 (Using SPRNG - Scalable Parallel Random Number Generator)
Time:    Tue May 31 12:36:22 2022
Kernel:  AVX+FMA - 1 threads (2 CPU cores detected)

[Alignment Simulator] Executing
Model LG+G+C40 is alias for LG+G+POISSON+G+FMIX{C40pi1:1:0.0223853788,C40pi2:1:0.0338891820,C40pi3:1:0.0577169375,C40pi4:1:0.0252416233,C40pi5:1:0.0108607921,C40pi6:1:0.0462373793,C40pi7:1:0.0102293175,C40pi8:1:0.0147523625,C40pi9:1:0.0143161352,C40pi10:1:0.0182302541,C40pi11:1:0.0204025079,C40pi12:1:0.0425505156,C40pi13:1:0.0248627269,C40pi14:1:0.0105892988,C40pi15:1:0.0188238725,C40pi16:1:0.0086663445,C40pi17:1:0.0148496147,C40pi18:1:0.0343037402,C40pi19:1:0.0225335203,C40pi20:1:0.0174068578,C40pi21:1:0.0112207827,C40pi22:1:0.0443532245,C40pi23:1:0.0392573370,C40pi24:1:0.0196756555,C40pi25:1:0.0287690328,C40pi26:1:0.0114441177,C40pi27:1:0.0112338740,C40pi28:1:0.0582694099,C40pi29:1:0.0444272279,C40pi30:1:0.0112010942,C40pi31:1:0.0145176111,C40pi32:1:0.0114629026,C40pi33:1:0.0239628061,C40pi34:1:0.0266266492,C40pi35:1:0.0481201159,C40pi36:1:0.0371147423,C40pi37:1:0.0160476688,C40pi38:1:0.0237249267,C40pi39:1:0.0235226203,C40pi40:1:0.0261998398}
 - Tree filepath: sim/tree//sub.tre
 - Length of output sequences: 1000
 - Model: LG+G+C40
 - Number of output datasets: 1
An alignment has just been exported to sim/tree//alignment.fa
SUBSTITUTION PROCESS
--------------------

Mixture model of substitution: MIX{LG+FC40pi1,LG+FC40pi2,LG+FC40pi3,LG+FC40pi4,LG+FC40pi5,LG+FC40pi6,LG+FC40pi7,LG+FC40pi8,LG+FC40pi9,LG+FC40pi10,LG+FC40pi11,LG+FC40pi12,LG+FC40pi13,LG+FC40pi14,LG+FC40pi15,LG+FC40pi16,LG+FC40pi17,LG+FC40pi18,LG+FC40pi19,LG+FC40pi20,LG+FC40pi21,LG+FC40pi22,LG+FC40pi23,LG+FC40pi24,LG+FC40pi25,LG+FC40pi26,LG+FC40pi27,LG+FC40pi28,LG+FC40pi29,LG+FC40pi30,LG+FC40pi31,LG+FC40pi32,LG+FC40pi33,LG+FC40pi34,LG+FC40pi35,LG+FC40pi36,LG+FC40pi37,LG+FC40pi38,LG+FC40pi39,LG+FC40pi40}+G4

  No  Component      Rate    Weight   Parameters
   1  LG+FC40pi1    1.000    0.022    LG+FC40pi1
   2  LG+FC40pi2    1.000    0.034    LG+FC40pi2
   3  LG+FC40pi3    1.000    0.058    LG+FC40pi3
   4  LG+FC40pi4    1.000    0.025    LG+FC40pi4
   5  LG+FC40pi5    1.000    0.011    LG+FC40pi5
   6  LG+FC40pi6    1.000    0.046    LG+FC40pi6
   7  LG+FC40pi7    1.000    0.010    LG+FC40pi7
   8  LG+FC40pi8    1.000    0.015    LG+FC40pi8
   9  LG+FC40pi9    1.000    0.014    LG+FC40pi9
  10  LG+FC40pi10   1.000    0.018    LG+FC40pi10
  11  LG+FC40pi11   1.000    0.020    LG+FC40pi11
  12  LG+FC40pi12   1.000    0.043    LG+FC40pi12
  13  LG+FC40pi13   1.000    0.025    LG+FC40pi13
  14  LG+FC40pi14   1.000    0.011    LG+FC40pi14
  15  LG+FC40pi15   1.000    0.019    LG+FC40pi15
  16  LG+FC40pi16   1.000    0.009    LG+FC40pi16
  17  LG+FC40pi17   1.000    0.015    LG+FC40pi17
  18  LG+FC40pi18   1.000    0.034    LG+FC40pi18
  19  LG+FC40pi19   1.000    0.023    LG+FC40pi19
  20  LG+FC40pi20   1.000    0.017    LG+FC40pi20
  21  LG+FC40pi21   1.000    0.011    LG+FC40pi21
  22  LG+FC40pi22   1.000    0.044    LG+FC40pi22
  23  LG+FC40pi23   1.000    0.039    LG+FC40pi23
  24  LG+FC40pi24   1.000    0.020    LG+FC40pi24
  25  LG+FC40pi25   1.000    0.029    LG+FC40pi25
  26  LG+FC40pi26   1.000    0.011    LG+FC40pi26
  27  LG+FC40pi27   1.000    0.011    LG+FC40pi27
  28  LG+FC40pi28   1.000    0.058    LG+FC40pi28
  29  LG+FC40pi29   1.000    0.044    LG+FC40pi29
  30  LG+FC40pi30   1.000    0.011    LG+FC40pi30
  31  LG+FC40pi31   1.000    0.015    LG+FC40pi31
  32  LG+FC40pi32   1.000    0.011    LG+FC40pi32
  33  LG+FC40pi33   1.000    0.024    LG+FC40pi33
  34  LG+FC40pi34   1.000    0.027    LG+FC40pi34
  35  LG+FC40pi35   1.000    0.048    LG+FC40pi35
  36  LG+FC40pi36   1.000    0.037    LG+FC40pi36
  37  LG+FC40pi37   1.000    0.016    LG+FC40pi37
  38  LG+FC40pi38   1.000    0.024    LG+FC40pi38
  39  LG+FC40pi39   1.000    0.024    LG+FC40pi39
  40  LG+FC40pi40   1.000    0.026    LG+FC40pi40

Model of rate heterogeneity: Gamma with 4 categories
Gamma shape alpha: 1.000

 Category  Relative_rate  Proportion
  1         0.137          0.250
  2         0.477          0.250
  3         1.000          0.250
  4         2.386          0.250
Relative rates are computed as MEAN of the portion of the Gamma distribution falling in the category.

[Alignment Simulator] Done
Date and Time: Tue May 31 12:36:22 2022
