t_n31	SN(34.4105305056269,1.91976284738317,0.313378324726196)
t_n32	SN(24.4257326864516,1.65014872723534,0.271487759020023)
t_n33	SN(20.5660857661563,1.24653215011528,0.249035360967248)
t_n34	SN(18.2834031688352,1.23459378015157,0.0332806726129218)
t_n35	G(83.1203732384888,6.63062955419832)
t_n36	SN(14.8834052611736,1.38879037120521,0.0105998274653876)
t_n37	SN(17.746341970531,1.43265199745628,-0.0691868956448665)
t_n38	SN(31.6757144827858,1.61235663516951,0.220386995424042)
t_n39	G(116.114897805215,6.27180230129512)
t_n40	SN(13.3425035436022,1.56799876991595,0.171713341397363)
t_n41	G(82.4664072646806,7.24799946354595)
t_n42	G(58.3670978952547,7.75005837601181)
t_n43	SN(29.3627803169239,1.39748424435997,0.166358464193605)
t_n44	G(467.000711060728,16.8882284474136)
t_n45	SN(22.0483543305244,1.6257967315249,0.268091357013556)
t_n46	G(189.109239328158,9.91449154631441)
t_n47	SN(9.71731002867434,1.01656446144986,0.354013285482144)
t_n48	SN(7.88734021590206,0.898616576119838,0.0595535693941841)
t_n49	SN(16.331564508799,1.42834416620283,-0.0310884755750863)
t_n50	G(72.770624662048,4.91368786331595)
t_n51	SN(26.031798979872,1.23239238388746,0.0587221318277114)
t_n52	SN(24.3368253154993,1.31451332746815,-0.0235962171238638)
t_n53	SN(21.4762975755399,1.54358551989429,-0.0996038700666964)
t_n54	G(76.8599833764734,5.63668139837405)
t_n55	SN(16.3184410495766,1.44511917015331,0.290205173894263)
t_n56	G(52.7286168798776,7.46050603754344)
t_n57	G(127.989348715484,9.73330194000338)
t_n58	SN(10.9284566017045,1.11924617657605,0.0183595252236587)
t_n59	SN(21.4932819287265,1.89698909869043,-0.0214163848685154)
mu	G(0.995616020992295,52.4301553015995)
sigma2	G(1.11921527539576,10.8333228993793)
