t_n31	SN(40.9854676624382,3.49509319235823,0.343938337798693)
t_n32	SN(28.4906477205568,3.10809195918936,0.525581554753315)
t_n33	SN(23.7592432094844,2.15351461830081,0.394655713000771)
t_n34	G(103.329145008929,5.09152854764678)
t_n35	G(48.5248407789695,3.47778252943747)
t_n36	SN(16.2196407393819,2.17290264906751,0.0100753897382634)
t_n37	SN(19.36219944819,2.34604846311431,-0.124772734233493)
t_n38	SN(36.8017951058783,2.66063706490091,0.316924042619077)
t_n39	SN(20.9726506183236,2.76390611072672,0.487870937614041)
t_n40	G(44.1839858791551,3.01225057635255)
t_n41	G(47.4315977351317,3.70782507657405)
t_n42	SN(8.32813539851768,1.37391900464495,0.155784038367626)
t_n43	SN(33.846293245236,2.3040842230763,0.325127384728808)
t_n44	G(240.275915294512,7.59890267332887)
t_n45	G(98.092996770104,3.83296102499485)
t_n46	G(93.8938466104547,4.37321828412008)
t_n47	SN(11.1992178174838,1.62418255241174,0.569066822543881)
t_n48	G(41.3909706623454,4.74597192051702)
t_n49	SN(17.8291394477618,2.21348482496716,0.0383404455362988)
t_n50	G(42.4501536471861,2.55267711344006)
t_n51	G(211.079683228491,7.18861043179465)
t_n52	G(157.759457372397,5.87038374600998)
t_n53	SN(23.3097410064319,2.43747873844894,-0.0245895161455237)
t_n54	G(43.1708729065967,2.79905631013148)
t_n55	SN(18.8650810309756,2.3601541859547,0.444496342143986)
t_n56	ST(6.81742078048473,1.70474826425604,1.32778985049266,23.203987202635)
t_n57	G(76.9037919969237,5.16982628282243)
t_n58	SN(11.9415962715513,1.59902315475676,-0.000776373417186399)
t_n59	SN(23.9032774414768,2.88627052080331,-0.155906713423809)
mu	SN(0.031023049066521,0.0143712474243082,0.984644605145729)
sigma2	ST(0.0126001372316221,0.10045572452714,83.2492754187567,6.29040264225253)
