IQ-TREE multicore version 2.2.0 COVID-edition for Linux 64-bit built Nov 20 2021 built Nov 20 2021
Developed by Bui Quang Minh, James Barbetti, Nguyen Lam Tung,
Olga Chernomor, Heiko Schmidt, Dominik Schrempf, Michael Woodhams, Ly Trong Nhan.

Host:    cl001 (AVX2, FMA3, 125 GB RAM)
Command: iqtree -s aln/2.fa -pre haha/2/no_cons/iqtree -m LG+G+I -T 2
Seed:    956917 (Using SPRNG - Scalable Parallel Random Number Generator)
Time:    Tue Sep 27 19:12:59 2022
Kernel:  AVX+FMA - 2 threads (40 CPU cores detected)

Reading alignment file aln/2.fa ... Fasta format detected
Reading fasta file: done in 9.31406e-05 secs
Alignment most likely contains protein sequences
Constructing alignment: done in 0.000511504 secs
Alignment has 6 sequences with 300 columns, 300 distinct patterns
45 parsimony-informative, 255 singleton sites, 0 constant sites
   Gap/Ambiguity  Composition  p-value
Analyzing sequences: done in 1.38748e-05 secs
   1  a    0.00%    passed     87.58%
   2  b    0.00%    passed     65.14%
   3  c    0.00%    passed     44.46%
   4  d    0.00%    passed     76.61%
   5  e    0.00%    passed     93.02%
   6  f    0.00%    passed     73.15%
****  TOTAL    0.00%  0 sequences failed composition chi2 test (p-value<5%; df=19)
Checking for duplicate sequences: done in 2.78261e-05 secs

Create initial parsimony tree by phylogenetic likelihood library (PLL)... 0.000 seconds

NOTE: 1 MB RAM (0 GB) is required!
Estimate model parameters (epsilon = 0.100)
1. Initial log-likelihood: -5428.337
2. Current log-likelihood: -5192.068
3. Current log-likelihood: -5139.278
4. Current log-likelihood: -5133.489
5. Current log-likelihood: -5133.108
Optimal log-likelihood: -5133.069
Proportion of invariable sites: 0.000
Gamma shape alpha: 998.417
Parameters optimization took 5 rounds (0.145 sec)
Wrote distance file to... 
Computing ML distances based on estimated model parameters...
Calculating distance matrix: done in 0.0134179 secs using 200.1% CPU
Computing ML distances took 0.013547 sec (of wall-clock time) 0.027122 sec (of CPU time)
WARNING: Some pairwise ML distances are too long (saturated)
Setting up auxiliary I and S matrices: done in 0.000142449 secs using 273.8% CPU
Constructing RapidNJ tree: done in 0.000252171 secs using 254.6% CPU
Computing RapidNJ tree took 0.000458 sec (of wall-clock time) 0.001191 sec (of CPU time)
Log-likelihood of RapidNJ tree: -5124.198
--------------------------------------------------------------------
|             INITIALIZING CANDIDATE TREE SET                      |
--------------------------------------------------------------------
Generating 98 parsimony trees... 0.036 second
Computing log-likelihood of 57 initial trees ... 0.286 seconds
Current best score: -5124.198

Do NNI search on 20 best initial trees
Optimizing NNI: done in 0.0502152 secs using 198% CPU
Estimate model parameters (epsilon = 0.100)
BETTER TREE FOUND at iteration 1: -5123.330
Optimizing NNI: done in 0.0984337 secs using 194.9% CPU
WARNING: NNI search needs unusual large number of steps (6) to converge!
Optimizing NNI: done in 0.0821258 secs using 197.9% CPU
Optimizing NNI: done in 0.0472324 secs using 197.9% CPU
Optimizing NNI: done in 0.0807707 secs using 198.8% CPU
Optimizing NNI: done in 0.0496628 secs using 196% CPU
Optimizing NNI: done in 0.0449961 secs using 195.6% CPU
Optimizing NNI: done in 0.0946804 secs using 200% CPU
Optimizing NNI: done in 0.0613295 secs using 194.7% CPU
Optimizing NNI: done in 0.0991467 secs using 198% CPU
Iteration 10 / LogL: -5124.088 / Time: 0h:0m:1s
Optimizing NNI: done in 0.0804758 secs using 200% CPU
Optimizing NNI: done in 0.0814531 secs using 193.9% CPU
Optimizing NNI: done in 0.0309391 secs using 193.4% CPU
Optimizing NNI: done in 0.0661116 secs using 196.9% CPU
Optimizing NNI: done in 0.0832102 secs using 196.4% CPU
Optimizing NNI: done in 0.0656706 secs using 199.9% CPU
Optimizing NNI: done in 0.0478898 secs using 197.9% CPU
Optimizing NNI: done in 0.0492662 secs using 193.8% CPU
Optimizing NNI: done in 0.0480563 secs using 200% CPU
Optimizing NNI: done in 0.0481064 secs using 200% CPU
Iteration 20 / LogL: -5123.987 / Time: 0h:0m:1s
Finish initializing candidate tree set (4)
Current best tree score: -5123.330 / CPU time: 1.679
Number of iterations: 20
--------------------------------------------------------------------
|               OPTIMIZING CANDIDATE TREE SET                      |
--------------------------------------------------------------------
Optimizing NNI: done in 0.0346153 secs using 194.2% CPU
Optimizing NNI: done in 0.0474675 secs using 195.8% CPU
Optimizing NNI: done in 0.0302317 secs using 196.6% CPU
Optimizing NNI: done in 0.0297621 secs using 200% CPU
Estimate model parameters (epsilon = 0.100)
UPDATE BEST LOG-LIKELIHOOD: -5123.229
Optimizing NNI: done in 0.0298491 secs using 193.3% CPU
Estimate model parameters (epsilon = 0.100)
UPDATE BEST LOG-LIKELIHOOD: -5123.207
Optimizing NNI: done in 0.0291229 secs using 200% CPU
Optimizing NNI: done in 0.0843128 secs using 196.4% CPU
Optimizing NNI: done in 0.0286671 secs using 200% CPU
Optimizing NNI: done in 0.0294033 secs using 200% CPU
Optimizing NNI: done in 0.0299076 secs using 193.3% CPU
Iteration 30 / LogL: -5123.978 / Time: 0h:0m:2s (0h:0m:5s left)
Optimizing NNI: done in 0.0315611 secs using 193.6% CPU
Optimizing NNI: done in 0.0472394 secs using 195.8% CPU
Optimizing NNI: done in 0.0481428 secs using 199.5% CPU
Optimizing NNI: done in 0.0360131 secs using 199.9% CPU
Optimizing NNI: done in 0.0305694 secs using 196.6% CPU
UPDATE BEST LOG-LIKELIHOOD: -5123.205
Optimizing NNI: done in 0.0359235 secs using 197.2% CPU
Optimizing NNI: done in 0.0301925 secs using 196.7% CPU
Optimizing NNI: done in 0.0299422 secs using 196.6% CPU
Optimizing NNI: done in 0.0302774 secs using 200% CPU
Optimizing NNI: done in 0.0830334 secs using 193.9% CPU
Iteration 40 / LogL: -5124.079 / Time: 0h:0m:2s (0h:0m:4s left)
Optimizing NNI: done in 0.0305559 secs using 196.8% CPU
Optimizing NNI: done in 0.0297166 secs using 200% CPU
Optimizing NNI: done in 0.0356918 secs using 200% CPU
Optimizing NNI: done in 0.102571 secs using 198% CPU
Optimizing NNI: done in 0.0478452 secs using 195.8% CPU
Optimizing NNI: done in 0.0299283 secs using 200% CPU
UPDATE BEST LOG-LIKELIHOOD: -5123.203
Optimizing NNI: done in 0.0299677 secs using 199.9% CPU
Optimizing NNI: done in 0.0301912 secs using 196.7% CPU
UPDATE BEST LOG-LIKELIHOOD: -5123.200
Optimizing NNI: done in 0.0294259 secs using 196.6% CPU
UPDATE BEST LOG-LIKELIHOOD: -5123.198
Optimizing NNI: done in 0.0300947 secs using 193.3% CPU
UPDATE BEST LOG-LIKELIHOOD: -5123.197
Iteration 50 / LogL: -5123.197 / Time: 0h:0m:3s (0h:0m:3s left)
Optimizing NNI: done in 0.0347736 secs using 197.1% CPU
Optimizing NNI: done in 0.0291162 secs using 196.5% CPU
Optimizing NNI: done in 0.0290556 secs using 200% CPU
Optimizing NNI: done in 0.0289689 secs using 200% CPU
Optimizing NNI: done in 0.0460666 secs using 197.8% CPU
Optimizing NNI: done in 0.0462641 secs using 195.7% CPU
Optimizing NNI: done in 0.0340013 secs using 200% CPU
Optimizing NNI: done in 0.0468108 secs using 199.5% CPU
Optimizing NNI: done in 0.0305136 secs using 200% CPU
Optimizing NNI: done in 0.0302143 secs using 196.7% CPU
Iteration 60 / LogL: -5123.942 / Time: 0h:0m:3s (0h:0m:2s left)
Optimizing NNI: done in 0.0299942 secs using 196.7% CPU
Optimizing NNI: done in 0.0469541 secs using 199.4% CPU
Optimizing NNI: done in 0.0307196 secs using 200% CPU
Optimizing NNI: done in 0.0305257 secs using 199.9% CPU
Optimizing NNI: done in 0.0302194 secs using 200% CPU
Optimizing NNI: done in 0.0300654 secs using 196.6% CPU
Optimizing NNI: done in 0.030982 secs using 196.8% CPU
Optimizing NNI: done in 0.100733 secs using 200% CPU
Optimizing NNI: done in 0.0293502 secs using 196.6% CPU
Optimizing NNI: done in 0.0303252 secs using 196.7% CPU
Iteration 70 / LogL: -5123.678 / Time: 0h:0m:3s (0h:0m:1s left)
Optimizing NNI: done in 0.10157 secs using 199% CPU
Optimizing NNI: done in 0.0303157 secs using 200% CPU
UPDATE BEST LOG-LIKELIHOOD: -5123.196
Optimizing NNI: done in 0.0297317 secs using 200% CPU
Optimizing NNI: done in 0.0634537 secs using 198.4% CPU
Optimizing NNI: done in 0.023335 secs using 198.7% CPU
Optimizing NNI: done in 0.0232322 secs using 195.7% CPU
Optimizing NNI: done in 0.0233915 secs using 199.9% CPU
Optimizing NNI: done in 0.0268773 secs using 200% CPU
Optimizing NNI: done in 0.0267858 secs using 199.9% CPU
Optimizing NNI: done in 0.0228021 secs using 199.9% CPU
Iteration 80 / LogL: -5123.848 / Time: 0h:0m:4s (0h:0m:1s left)
Optimizing NNI: done in 0.0222357 secs using 200% CPU
Optimizing NNI: done in 0.0620354 secs using 198.4% CPU
Optimizing NNI: done in 0.0230848 secs using 195.6% CPU
Optimizing NNI: done in 0.0621465 secs using 196.8% CPU
Optimizing NNI: done in 0.0366865 secs using 194.6% CPU
Optimizing NNI: done in 0.0371745 secs using 199.8% CPU
Optimizing NNI: done in 0.0507091 secs using 200% CPU
Optimizing NNI: done in 0.0241092 secs using 200% CPU
Optimizing NNI: done in 0.0803241 secs using 198.7% CPU
Optimizing NNI: done in 0.0244221 secs using 195.8% CPU
Iteration 90 / LogL: -5123.442 / Time: 0h:0m:4s (0h:0m:0s left)
Optimizing NNI: done in 0.0633229 secs using 200% CPU
Optimizing NNI: done in 0.0233783 secs using 195.7% CPU
Optimizing NNI: done in 0.0271562 secs using 200% CPU
Optimizing NNI: done in 0.0271676 secs using 200% CPU
Optimizing NNI: done in 0.0231622 secs using 195.7% CPU
Optimizing NNI: done in 0.0231175 secs using 200% CPU
Optimizing NNI: done in 0.0762975 secs using 200% CPU
WARNING: NNI search needs unusual large number of steps (6) to converge!
Optimizing NNI: done in 0.0229165 secs using 200% CPU
Optimizing NNI: done in 0.0239921 secs using 200% CPU
UPDATE BEST LOG-LIKELIHOOD: -5123.196
Optimizing NNI: done in 0.0281944 secs using 196.4% CPU
Iteration 100 / LogL: -5123.819 / Time: 0h:0m:5s (0h:0m:0s left)
Optimizing NNI: done in 0.0237823 secs using 200% CPU
Optimizing NNI: done in 0.0277456 secs using 196.4% CPU
TREE SEARCH COMPLETED AFTER 102 ITERATIONS / Time: 0h:0m:5s

--------------------------------------------------------------------
|                    FINALIZING TREE SEARCH                        |
--------------------------------------------------------------------
Performs final model parameters optimization
Estimate model parameters (epsilon = 0.010)
1. Initial log-likelihood: -5123.196
Optimal log-likelihood: -5123.195
Proportion of invariable sites: 0.000
Gamma shape alpha: 998.417
Parameters optimization took 1 rounds (0.015 sec)
BEST SCORE FOUND : -5123.195
Total tree length: 31.408

Total number of iterations: 102
CPU time used for tree search: 9.724 sec (0h:0m:9s)
Wall-clock time used for tree search: 4.943 sec (0h:0m:4s)
Total CPU time used: 10.152 sec (0h:0m:10s)
Total wall-clock time used: 5.166 sec (0h:0m:5s)

Analysis results written to: 
  IQ-TREE report:                haha/2/no_cons/iqtree.iqtree
  Maximum-likelihood tree:       haha/2/no_cons/iqtree.treefile
  Likelihood distances:          haha/2/no_cons/iqtree.mldist
  Screen log file:               haha/2/no_cons/iqtree.log

Date and Time: Tue Sep 27 19:13:05 2022
