./17/age20/calib-5_0.2/dating/LG+C20+G/mcmctree/mcmc.txt
./17/age20/calib-5_0.2/dating/LG/mcmctree/mcmc.txt
./17/age20/calib-5_0.2/dating/ori/mcmctree/mcmc.txt
./17/age20/calib-5_0.2/dating/ori_woG/mcmctree/mcmc.txt
./17/age20/calib-5_0.2/dating/LG+C40+G/mcmctree/mcmc.txt
./17/age20/calib-5_0.2/dating/LG+G/mcmctree/mcmc.txt
./17/age20/calib-2_0.2/dating/LG+C20+G/mcmctree/mcmc.txt
./17/age20/calib-2_0.2/dating/LG/mcmctree/mcmc.txt
./17/age20/calib-2_0.2/dating/ori/mcmctree/mcmc.txt
./17/age20/calib-2_0.2/dating/ori_woG/mcmctree/mcmc.txt
./17/age20/calib-2_0.2/dating/LG+C40+G/mcmctree/mcmc.txt
./17/age20/calib-2_0.2/dating/LG+G/mcmctree/mcmc.txt
./17/age30/calib-5_0.2/dating/LG+C20+G/mcmctree/mcmc.txt
./17/age30/calib-5_0.2/dating/LG/mcmctree/mcmc.txt
./17/age30/calib-5_0.2/dating/ori/mcmctree/mcmc.txt
./17/age30/calib-5_0.2/dating/ori_woG/mcmctree/mcmc.txt
./17/age30/calib-5_0.2/dating/LG+C40+G/mcmctree/mcmc.txt
./17/age30/calib-5_0.2/dating/LG+G/mcmctree/mcmc.txt
./17/age30/calib-2_0.2/dating/LG+C20+G/mcmctree/mcmc.txt
./17/age30/calib-2_0.2/dating/LG/mcmctree/mcmc.txt
./17/age30/calib-2_0.2/dating/ori/mcmctree/mcmc.txt
./17/age30/calib-2_0.2/dating/ori_woG/mcmctree/mcmc.txt
./17/age30/calib-2_0.2/dating/LG+C40+G/mcmctree/mcmc.txt
./17/age30/calib-2_0.2/dating/LG+G/mcmctree/mcmc.txt
./17/age40/calib-5_0.2/dating/LG+C20+G/mcmctree/mcmc.txt
./17/age40/calib-5_0.2/dating/LG/mcmctree/mcmc.txt
./17/age40/calib-5_0.2/dating/ori/mcmctree/mcmc.txt
./17/age40/calib-5_0.2/dating/ori_woG/mcmctree/mcmc.txt
./17/age40/calib-5_0.2/dating/LG+C40+G/mcmctree/mcmc.txt
./17/age40/calib-5_0.2/dating/LG+G/mcmctree/mcmc.txt
./17/age40/calib-2_0.2/dating/LG+C20+G/mcmctree/mcmc.txt
./17/age40/calib-2_0.2/dating/LG/mcmctree/mcmc.txt
./17/age40/calib-2_0.2/dating/ori/mcmctree/mcmc.txt
./17/age40/calib-2_0.2/dating/ori_woG/mcmctree/mcmc.txt
./17/age40/calib-2_0.2/dating/LG+C40+G/mcmctree/mcmc.txt
./17/age40/calib-2_0.2/dating/LG+G/mcmctree/mcmc.txt
./17/age10/calib-5_0.2/dating/LG+C20+G/mcmctree/mcmc.txt
./17/age10/calib-5_0.2/dating/LG/mcmctree/mcmc.txt
./17/age10/calib-5_0.2/dating/ori/mcmctree/mcmc.txt
./17/age10/calib-5_0.2/dating/ori_woG/mcmctree/mcmc.txt
./17/age10/calib-5_0.2/dating/LG+C40+G/mcmctree/mcmc.txt
./17/age10/calib-5_0.2/dating/LG+G/mcmctree/mcmc.txt
./17/age10/calib-2_0.2/dating/LG+C20+G/mcmctree/mcmc.txt
./17/age10/calib-2_0.2/dating/LG/mcmctree/mcmc.txt
./17/age10/calib-2_0.2/dating/ori/mcmctree/mcmc.txt
./17/age10/calib-2_0.2/dating/ori_woG/mcmctree/mcmc.txt
./17/age10/calib-2_0.2/dating/LG+C40+G/mcmctree/mcmc.txt
./17/age10/calib-2_0.2/dating/LG+G/mcmctree/mcmc.txt
./10/age20/calib-5_0.2/dating/LG+C20+G/mcmctree/mcmc.txt
./10/age20/calib-5_0.2/dating/LG/mcmctree/mcmc.txt
./10/age20/calib-5_0.2/dating/ori/mcmctree/mcmc.txt
./10/age20/calib-5_0.2/dating/ori_woG/mcmctree/mcmc.txt
./10/age20/calib-5_0.2/dating/LG+C40+G/mcmctree/mcmc.txt
./10/age20/calib-5_0.2/dating/LG+G/mcmctree/mcmc.txt
./10/age30/calib-5_0.2/dating/LG+C20+G/mcmctree/mcmc.txt
./10/age30/calib-5_0.2/dating/LG/mcmctree/mcmc.txt
./10/age30/calib-5_0.2/dating/ori/mcmctree/mcmc.txt
./10/age30/calib-5_0.2/dating/ori_woG/mcmctree/mcmc.txt
./10/age30/calib-5_0.2/dating/LG+C40+G/mcmctree/mcmc.txt
./10/age30/calib-5_0.2/dating/LG+G/mcmctree/mcmc.txt
./10/age40/calib-5_0.2/dating/LG+C20+G/mcmctree/mcmc.txt
./10/age40/calib-5_0.2/dating/LG/mcmctree/mcmc.txt
./10/age40/calib-5_0.2/dating/ori/mcmctree/mcmc.txt
./10/age40/calib-5_0.2/dating/ori_woG/mcmctree/mcmc.txt
./10/age40/calib-5_0.2/dating/LG+C40+G/mcmctree/mcmc.txt
./10/age40/calib-5_0.2/dating/LG+G/mcmctree/mcmc.txt
./10/age10/calib-5_0.2/dating/LG+C20+G/mcmctree/mcmc.txt
./10/age10/calib-5_0.2/dating/LG/mcmctree/mcmc.txt
./10/age10/calib-5_0.2/dating/ori/mcmctree/mcmc.txt
./10/age10/calib-5_0.2/dating/ori_woG/mcmctree/mcmc.txt
./10/age10/calib-5_0.2/dating/LG+C40+G/mcmctree/mcmc.txt
./10/age10/calib-5_0.2/dating/LG+G/mcmctree/mcmc.txt
./16/age20/calib-5_0.2/dating/LG+C20+G/mcmctree/mcmc.txt
./16/age20/calib-5_0.2/dating/LG/mcmctree/mcmc.txt
./16/age20/calib-5_0.2/dating/ori/mcmctree/mcmc.txt
./16/age20/calib-5_0.2/dating/ori_woG/mcmctree/mcmc.txt
./16/age20/calib-5_0.2/dating/LG+C40+G/mcmctree/mcmc.txt
./16/age20/calib-5_0.2/dating/LG+G/mcmctree/mcmc.txt
./16/age20/calib-2_0.2/dating/LG+C20+G/mcmctree/mcmc.txt
./16/age20/calib-2_0.2/dating/LG/mcmctree/mcmc.txt
./16/age20/calib-2_0.2/dating/ori/mcmctree/mcmc.txt
./16/age20/calib-2_0.2/dating/ori_woG/mcmctree/mcmc.txt
./16/age20/calib-2_0.2/dating/LG+C40+G/mcmctree/mcmc.txt
./16/age20/calib-2_0.2/dating/LG+G/mcmctree/mcmc.txt
./16/age30/calib-5_0.2/dating/LG+C20+G/mcmctree/mcmc.txt
./16/age30/calib-5_0.2/dating/LG/mcmctree/mcmc.txt
./16/age30/calib-5_0.2/dating/ori/mcmctree/mcmc.txt
./16/age30/calib-5_0.2/dating/ori_woG/mcmctree/mcmc.txt
./16/age30/calib-5_0.2/dating/LG+C40+G/mcmctree/mcmc.txt
./16/age30/calib-5_0.2/dating/LG+G/mcmctree/mcmc.txt
./16/age30/calib-2_0.2/dating/LG+C20+G/mcmctree/mcmc.txt
./16/age30/calib-2_0.2/dating/LG/mcmctree/mcmc.txt
./16/age30/calib-2_0.2/dating/ori/mcmctree/mcmc.txt
./16/age30/calib-2_0.2/dating/ori_woG/mcmctree/mcmc.txt
./16/age30/calib-2_0.2/dating/LG+C40+G/mcmctree/mcmc.txt
./16/age30/calib-2_0.2/dating/LG+G/mcmctree/mcmc.txt
./16/age40/calib-5_0.2/dating/LG+C20+G/mcmctree/mcmc.txt
./16/age40/calib-5_0.2/dating/LG/mcmctree/mcmc.txt
./16/age40/calib-5_0.2/dating/ori/mcmctree/mcmc.txt
./16/age40/calib-5_0.2/dating/ori_woG/mcmctree/mcmc.txt
./16/age40/calib-5_0.2/dating/LG+C40+G/mcmctree/mcmc.txt
./16/age40/calib-5_0.2/dating/LG+G/mcmctree/mcmc.txt
./16/age40/calib-2_0.2/dating/LG+C20+G/mcmctree/mcmc.txt
./16/age40/calib-2_0.2/dating/LG/mcmctree/mcmc.txt
./16/age40/calib-2_0.2/dating/ori/mcmctree/mcmc.txt
./16/age40/calib-2_0.2/dating/ori_woG/mcmctree/mcmc.txt
./16/age40/calib-2_0.2/dating/LG+C40+G/mcmctree/mcmc.txt
./16/age40/calib-2_0.2/dating/LG+G/mcmctree/mcmc.txt
./16/age10/calib-5_0.2/dating/LG+C20+G/mcmctree/mcmc.txt
./16/age10/calib-5_0.2/dating/LG/mcmctree/mcmc.txt
./16/age10/calib-5_0.2/dating/ori/mcmctree/mcmc.txt
./16/age10/calib-5_0.2/dating/ori_woG/mcmctree/mcmc.txt
./16/age10/calib-5_0.2/dating/LG+C40+G/mcmctree/mcmc.txt
./16/age10/calib-5_0.2/dating/LG+G/mcmctree/mcmc.txt
./16/age10/calib-2_0.2/dating/LG+C20+G/mcmctree/mcmc.txt
./16/age10/calib-2_0.2/dating/LG/mcmctree/mcmc.txt
./16/age10/calib-2_0.2/dating/ori/mcmctree/mcmc.txt
./16/age10/calib-2_0.2/dating/ori_woG/mcmctree/mcmc.txt
./16/age10/calib-2_0.2/dating/LG+C40+G/mcmctree/mcmc.txt
./16/age10/calib-2_0.2/dating/LG+G/mcmctree/mcmc.txt
