IQ-TREE multicore version 2.2.0 COVID-edition for Linux 64-bit built Nov 20 2021 built Nov 20 2021
Developed by Bui Quang Minh, James Barbetti, Nguyen Lam Tung,
Olga Chernomor, Heiko Schmidt, Dominik Schrempf, Michael Woodhams, Ly Trong Nhan.

Host:    cl001 (AVX2, FMA3, 125 GB RAM)
Command: iqtree -s aln/1.fa -pre haha/1/no_cons/iqtree -m LG+G+I -T 2
Seed:    958754 (Using SPRNG - Scalable Parallel Random Number Generator)
Time:    Tue Sep 27 19:12:59 2022
Kernel:  AVX+FMA - 2 threads (40 CPU cores detected)

Reading alignment file aln/1.fa ... Fasta format detected
Reading fasta file: done in 9.28147e-05 secs using 32.32% CPU
Alignment most likely contains protein sequences
Constructing alignment: done in 0.000541431 secs using 57.99% CPU
Alignment has 5 sequences with 300 columns, 300 distinct patterns
11 parsimony-informative, 289 singleton sites, 0 constant sites
   Gap/Ambiguity  Composition  p-value
Analyzing sequences: done in 1.62404e-05 secs
   1  a    0.00%    passed     93.54%
   2  b    0.00%    passed     97.78%
   3  c    0.00%    passed     27.17%
   4  d    0.00%    passed     72.50%
   5  f    0.00%    passed     98.32%
****  TOTAL    0.00%  0 sequences failed composition chi2 test (p-value<5%; df=19)
Checking for duplicate sequences: done in 2.9047e-05 secs

Create initial parsimony tree by phylogenetic likelihood library (PLL)... 0.000 seconds

NOTE: 1 MB RAM (0 GB) is required!
Estimate model parameters (epsilon = 0.100)
1. Initial log-likelihood: -4534.646
2. Current log-likelihood: -4280.981
3. Current log-likelihood: -4274.583
4. Current log-likelihood: -4271.393
5. Current log-likelihood: -4269.320
6. Current log-likelihood: -4268.662
7. Current log-likelihood: -4268.340
Optimal log-likelihood: -4268.177
Proportion of invariable sites: 0.000
Gamma shape alpha: 998.264
Parameters optimization took 7 rounds (0.155 sec)
Wrote distance file to... 
Computing ML distances based on estimated model parameters...
Calculating distance matrix: done in 0.00715805 secs using 199.9% CPU
Computing ML distances took 0.007269 sec (of wall-clock time) 0.014540 sec (of CPU time)
WARNING: Some pairwise ML distances are too long (saturated)
Setting up auxiliary I and S matrices: done in 0.000153364 secs using 273.9% CPU
Constructing RapidNJ tree: done in 0.000151946 secs using 260.6% CPU
Computing RapidNJ tree took 0.000361 sec (of wall-clock time) 0.000973 sec (of CPU time)
Log-likelihood of RapidNJ tree: -4267.429
--------------------------------------------------------------------
|             INITIALIZING CANDIDATE TREE SET                      |
--------------------------------------------------------------------
Generating 98 parsimony trees... 0.033 second
Computing log-likelihood of 13 initial trees ... 0.052 seconds
Current best score: -4267.429

Do NNI search on 15 best initial trees
Optimizing NNI: done in 0.00895836 secs using 187.8% CPU
Optimizing NNI: done in 0.0318016 secs using 199.7% CPU
Optimizing NNI: done in 0.0307962 secs using 199.7% CPU
Optimizing NNI: done in 0.030375 secs using 200% CPU
Optimizing NNI: done in 0.0195428 secs using 199.5% CPU
Optimizing NNI: done in 0.0300263 secs using 199.6% CPU
Optimizing NNI: done in 0.0570626 secs using 198% CPU
Optimizing NNI: done in 0.0311682 secs using 194.9% CPU
Optimizing NNI: done in 0.0560639 secs using 198% CPU
Optimizing NNI: done in 0.0541623 secs using 197.8% CPU
Iteration 10 / LogL: -4269.425 / Time: 0h:0m:0s
Optimizing NNI: done in 0.0539315 secs using 194.1% CPU
Optimizing NNI: done in 0.0403188 secs using 199.7% CPU
Optimizing NNI: done in 0.056398 secs using 196.1% CPU
Optimizing NNI: done in 0.05792 secs using 196.4% CPU
Optimizing NNI: done in 0.0417719 secs using 194.8% CPU
Finish initializing candidate tree set (15)
Current best tree score: -4267.429 / CPU time: 0.702
Number of iterations: 15
--------------------------------------------------------------------
|               OPTIMIZING CANDIDATE TREE SET                      |
--------------------------------------------------------------------
Optimizing NNI: done in 0.0195792 secs using 199.9% CPU
Optimizing NNI: done in 0.0422901 secs using 197.1% CPU
Optimizing NNI: done in 0.0423059 secs using 198.3% CPU
Optimizing NNI: done in 0.0201841 secs using 199.5% CPU
Optimizing NNI: done in 0.0193815 secs using 200% CPU
Iteration 20 / LogL: -4270.266 / Time: 0h:0m:1s
Optimizing NNI: done in 0.0197761 secs using 199.4% CPU
Optimizing NNI: done in 0.0199911 secs using 190.9% CPU
Optimizing NNI: done in 0.0300752 secs using 194.9% CPU
Optimizing NNI: done in 0.0422383 secs using 199.5% CPU
Optimizing NNI: done in 0.0201923 secs using 200% CPU
Optimizing NNI: done in 0.0195087 secs using 199.4% CPU
Optimizing NNI: done in 0.0412989 secs using 199.7% CPU
Optimizing NNI: done in 0.0433197 secs using 196.9% CPU
Optimizing NNI: done in 0.0426104 secs using 199.8% CPU
Optimizing NNI: done in 0.0208956 secs using 198.7% CPU
Iteration 30 / LogL: -4267.485 / Time: 0h:0m:1s (0h:0m:3s left)
Optimizing NNI: done in 0.0214249 secs using 188.9% CPU
Optimizing NNI: done in 0.0206947 secs using 197.5% CPU
Optimizing NNI: done in 0.0314786 secs using 199.6% CPU
Optimizing NNI: done in 0.0309812 secs using 193.2% CPU
Optimizing NNI: done in 0.0569024 secs using 199.7% CPU
Optimizing NNI: done in 0.0311161 secs using 200% CPU
Optimizing NNI: done in 0.0192861 secs using 199.8% CPU
Optimizing NNI: done in 0.0198236 secs using 194.5% CPU
Optimizing NNI: done in 0.0421192 secs using 199.2% CPU
Optimizing NNI: done in 0.0432601 secs using 191.5% CPU
Iteration 40 / LogL: -4268.302 / Time: 0h:0m:1s (0h:0m:2s left)
Optimizing NNI: done in 0.0295152 secs using 196.2% CPU
Optimizing NNI: done in 0.0191586 secs using 199.6% CPU
Optimizing NNI: done in 0.0296859 secs using 199.4% CPU
Optimizing NNI: done in 0.0328166 secs using 193% CPU
Optimizing NNI: done in 0.0196746 secs using 200% CPU
Optimizing NNI: done in 0.0313077 secs using 193.6% CPU
Optimizing NNI: done in 0.0197939 secs using 194.4% CPU
Optimizing NNI: done in 0.019975 secs using 194.5% CPU
Optimizing NNI: done in 0.0414608 secs using 199.7% CPU
Optimizing NNI: done in 0.0427882 secs using 199.7% CPU
Iteration 50 / LogL: -4267.880 / Time: 0h:0m:2s (0h:0m:2s left)
Optimizing NNI: done in 0.0194934 secs using 199.5% CPU
Optimizing NNI: done in 0.021215 secs using 194.9% CPU
Optimizing NNI: done in 0.0199126 secs using 199.9% CPU
UPDATE BEST LOG-LIKELIHOOD: -4267.428
Optimizing NNI: done in 0.0202697 secs using 199.5% CPU
Optimizing NNI: done in 0.0200975 secs using 199.5% CPU
Optimizing NNI: done in 0.02014 secs using 199.7% CPU
Optimizing NNI: done in 0.0199649 secs using 199.5% CPU
UPDATE BEST LOG-LIKELIHOOD: -4267.428
Optimizing NNI: done in 0.0199474 secs using 194.9% CPU
Optimizing NNI: done in 0.0415505 secs using 198% CPU
Optimizing NNI: done in 0.0196139 secs using 200% CPU
Iteration 60 / LogL: -4267.619 / Time: 0h:0m:2s (0h:0m:1s left)
Optimizing NNI: done in 0.0195505 secs using 199.5% CPU
UPDATE BEST LOG-LIKELIHOOD: -4267.427
Optimizing NNI: done in 0.0194993 secs using 199.5% CPU
Optimizing NNI: done in 0.0201367 secs using 195% CPU
Optimizing NNI: done in 0.0196737 secs using 199.5% CPU
Optimizing NNI: done in 0.0193809 secs using 199.9% CPU
UPDATE BEST LOG-LIKELIHOOD: -4267.427
Optimizing NNI: done in 0.019585 secs using 200% CPU
Optimizing NNI: done in 0.0196709 secs using 199.5% CPU
Optimizing NNI: done in 0.0196116 secs using 199.9% CPU
Optimizing NNI: done in 0.0201439 secs using 199.5% CPU
UPDATE BEST LOG-LIKELIHOOD: -4267.427
Optimizing NNI: done in 0.0190131 secs using 199.5% CPU
Iteration 70 / LogL: -4269.419 / Time: 0h:0m:2s (0h:0m:1s left)
Optimizing NNI: done in 0.0409442 secs using 197.3% CPU
Optimizing NNI: done in 0.0193166 secs using 189.6% CPU
UPDATE BEST LOG-LIKELIHOOD: -4267.427
Optimizing NNI: done in 0.0188651 secs using 200% CPU
Optimizing NNI: done in 0.0557261 secs using 199.6% CPU
Optimizing NNI: done in 0.0306912 secs using 199.6% CPU
Optimizing NNI: done in 0.0293454 secs using 199.5% CPU
Optimizing NNI: done in 0.0187762 secs using 200% CPU
Optimizing NNI: done in 0.018948 secs using 199.4% CPU
Optimizing NNI: done in 0.0556344 secs using 199.7% CPU
Optimizing NNI: done in 0.0205216 secs using 194.6% CPU
Iteration 80 / LogL: -4267.747 / Time: 0h:0m:2s (0h:0m:0s left)
Optimizing NNI: done in 0.0192056 secs using 199.1% CPU
Optimizing NNI: done in 0.0192923 secs using 199.7% CPU
Optimizing NNI: done in 0.0565984 secs using 199.4% CPU
Optimizing NNI: done in 0.0415526 secs using 199.6% CPU
Optimizing NNI: done in 0.0199049 secs using 194.5% CPU
Optimizing NNI: done in 0.0199069 secs using 199.3% CPU
Optimizing NNI: done in 0.0197848 secs using 199.9% CPU
Optimizing NNI: done in 0.0202485 secs using 194.5% CPU
Optimizing NNI: done in 0.0211125 secs using 194.8% CPU
Optimizing NNI: done in 0.0200463 secs using 200% CPU
Iteration 90 / LogL: -4267.749 / Time: 0h:0m:3s (0h:0m:0s left)
Optimizing NNI: done in 0.020229 secs using 199.5% CPU
Optimizing NNI: done in 0.0315844 secs using 199.7% CPU
Optimizing NNI: done in 0.0190676 secs using 199.5% CPU
Optimizing NNI: done in 0.0297056 secs using 196.5% CPU
Optimizing NNI: done in 0.0195281 secs using 194.4% CPU
Optimizing NNI: done in 0.0409289 secs using 194.9% CPU
Optimizing NNI: done in 0.0192883 secs using 199.6% CPU
Optimizing NNI: done in 0.0198837 secs using 199.5% CPU
Optimizing NNI: done in 0.0191629 secs using 200% CPU
Optimizing NNI: done in 0.0194667 secs using 194.4% CPU
Iteration 100 / LogL: -4268.104 / Time: 0h:0m:3s (0h:0m:0s left)
Optimizing NNI: done in 0.0310102 secs using 196.5% CPU
TREE SEARCH COMPLETED AFTER 101 ITERATIONS / Time: 0h:0m:3s

--------------------------------------------------------------------
|                    FINALIZING TREE SEARCH                        |
--------------------------------------------------------------------
Performs final model parameters optimization
Estimate model parameters (epsilon = 0.010)
1. Initial log-likelihood: -4267.427
Optimal log-likelihood: -4267.427
Proportion of invariable sites: 0.000
Gamma shape alpha: 998.264
Parameters optimization took 1 rounds (0.015 sec)
BEST SCORE FOUND : -4267.427
Total tree length: 24.031

Total number of iterations: 101
CPU time used for tree search: 6.129 sec (0h:0m:6s)
Wall-clock time used for tree search: 3.115 sec (0h:0m:3s)
Total CPU time used: 6.606 sec (0h:0m:6s)
Total wall-clock time used: 3.366 sec (0h:0m:3s)

Analysis results written to: 
  IQ-TREE report:                haha/1/no_cons/iqtree.iqtree
  Maximum-likelihood tree:       haha/1/no_cons/iqtree.treefile
  Likelihood distances:          haha/1/no_cons/iqtree.mldist
  Screen log file:               haha/1/no_cons/iqtree.log

Date and Time: Tue Sep 27 19:13:03 2022
