~/project/BTL/results/dating/official/wCelegans-correct/bootstrap.root/best/1-pf/dating/C60/mcmctree/mcmc.txt	600002
~/project/BTL/results/dating/official/wCelegans-correct/bootstrap.root/best/1-pf/mcmctree-AR/combined-sequential.HARD/mcmc.txt	300002
~/project/BTL/results/dating/official/wCelegans-correct/bootstrap.root/best/2-pf/dating/C60/mcmctree/mcmc.txt	300002
~/project/BTL/results/dating/official/wCelegans-correct/bootstrap.root/best/2-pf/mcmctree-AR/combined-sequential.HARD/mcmc.txt	12702
~/project/BTL/results/dating/official/wCelegans-correct/bootstrap.root/best2/1-pf/dating/C60/mcmctree/mcmc.txt	600002
~/project/BTL/results/dating/official/wCelegans-correct/bootstrap.root/best2/1-pf/mcmctree-AR/combined-sequential.HARD/mcmc.txt	159939
~/project/BTL/results/dating/official/wCelegans-correct/bootstrap.root/best2/2-pf/dating/C60/mcmctree-IR/mcmc.txt	300002
~/project/BTL/results/dating/official/wCelegans-correct/bootstrap.root/best2/2-pf/dating/C60/mcmctree/mcmc.txt	300002
~/project/BTL/results/dating/official/wCelegans-correct/bootstrap.root/best2/2-pf/mcmctree-AR/combined-sequential.HARD/mcmc.txt	100002
~/project/BTL/results/dating/official/wCelegans-correct/bootstrap.root2/CPR/1-pf/dating/C60/mcmctree-2/mcmc.txt	300002
~/project/BTL/results/dating/official/wCelegans-correct/bootstrap.root2/CPR/1-pf/dating/C60/mcmctree/mcmc.txt	300002
~/project/BTL/results/dating/official/wCelegans-correct/bootstrap.root2/CPR/2-pf/dating/C60/mcmctree-2/mcmc.txt	76905
~/project/BTL/results/dating/official/wCelegans-correct/bootstrap.root2/CPR/2-pf/dating/C60/mcmctree/mcmc.txt	300002
~/project/BTL/results/dating/official/wCelegans-correct/bootstrap.root2/best/1-pf/dating/C60/mcmctree-2/mcmc.txt	300002
~/project/BTL/results/dating/official/wCelegans-correct/bootstrap.root2/best/1-pf/dating/C60/mcmctree/mcmc.txt	300002
~/project/BTL/results/dating/official/wCelegans-correct/bootstrap.root2/best/2-pf/dating/C60/mcmctree-2/mcmc.txt	12700
~/project/BTL/results/dating/official/wCelegans-correct/bootstrap.root2/best/2-pf/dating/C60/mcmctree/mcmc.txt	12701
~/project/BTL/results/dating/official/wCelegans-correct/bootstrap.root2/best2/1-pf/dating/C60/mcmctree-2/mcmc.txt	300002
~/project/BTL/results/dating/official/wCelegans-correct/bootstrap.root2/best2/1-pf/dating/C60/mcmctree/mcmc.txt	300002
~/project/BTL/results/dating/official/wCelegans-correct/bootstrap.root2/best2/2-pf/dating/C60/mcmctree-2/mcmc.txt	300002
~/project/BTL/results/dating/official/wCelegans-correct/bootstrap.root2/best2/2-pf/dating/C60/mcmctree-test/mcmc.txt	100002
~/project/BTL/results/dating/official/wCelegans-correct/bootstrap.root2/best2/2-pf/dating/C60/mcmctree/mcmc.txt	300002
~/project/BTL/results/dating/official/wCelegans-correct/bootstrap/1-pf/dating/C60/mcmctree-2/mcmc.txt	600002
~/project/BTL/results/dating/official/wCelegans-correct/bootstrap/1-pf/dating/C60/mcmctree-3/mcmc.txt	600002
~/project/BTL/results/dating/official/wCelegans-correct/bootstrap/1-pf/dating/C60/mcmctree-root50/mcmc.txt	300002
~/project/BTL/results/dating/official/wCelegans-correct/bootstrap/1-pf/dating/C60/mcmctree-root55/mcmc.txt	300002
~/project/BTL/results/dating/official/wCelegans-correct/bootstrap/1-pf/dating/C60/mcmctree-root60/mcmc.txt	300002
~/project/BTL/results/dating/official/wCelegans-correct/bootstrap/1-pf/dating/C60/mcmctree/mcmc.txt	600002
~/project/BTL/results/dating/official/wCelegans-correct/bootstrap/1-pf/dating/C60/mcmctree/rrtc/mcmc.txt	5538
~/project/BTL/results/dating/official/wCelegans-correct/bootstrap/1-pf/dating/LG+G/mcmctree/mcmc.txt	300002
~/project/BTL/results/dating/official/wCelegans-correct/bootstrap/2-pf/dating/C60/mcmctree-2/mcmc.txt	600002
~/project/BTL/results/dating/official/wCelegans-correct/bootstrap/2-pf/dating/C60/mcmctree-3/mcmc.txt	600002
~/project/BTL/results/dating/official/wCelegans-correct/bootstrap/2-pf/dating/C60/mcmctree-rate/mcmc.txt	300002
~/project/BTL/results/dating/official/wCelegans-correct/bootstrap/2-pf/dating/C60/mcmctree-root50/mcmc.txt	300002
~/project/BTL/results/dating/official/wCelegans-correct/bootstrap/2-pf/dating/C60/mcmctree-root55/mcmc.txt	300002
~/project/BTL/results/dating/official/wCelegans-correct/bootstrap/2-pf/dating/C60/mcmctree-root60/mcmc.txt	300002
~/project/BTL/results/dating/official/wCelegans-correct/bootstrap/2-pf/dating/C60/mcmctree/mcmc.txt	600002
~/project/BTL/results/dating/official/wCelegans-correct/bootstrap/2-pf/dating/LG+G/mcmctree-2/mcmc.txt	96347
~/project/BTL/results/dating/official/wCelegans-correct/bootstrap/2-pf/dating/LG+G/mcmctree/mcmc.txt	300002
~/project/BTL/results/dating/official/wCelegans-correct/bootstrap/3-pf/dating/C60/mcmctree-2/mcmc.txt	50119
~/project/BTL/results/dating/official/wCelegans-correct/bootstrap/3-pf/dating/C60/mcmctree-3/mcmc.txt	238549
~/project/BTL/results/dating/official/wCelegans-correct/bootstrap/3-pf/dating/C60/mcmctree/mcmc.txt	61257
~/project/BTL/results/dating/official/wCelegans-correct/bootstrap/3-pf/dating/C60/wrong/mcmctree-2/mcmc.txt	600002
~/project/BTL/results/dating/official/wCelegans-correct/bootstrap/3-pf/dating/C60/wrong/mcmctree-3/mcmc.txt	600002
~/project/BTL/results/dating/official/wCelegans-correct/bootstrap/3-pf/dating/C60/wrong/mcmctree/mcmc.txt	600002
~/project/BTL/results/dating/official/wCelegans-correct/bootstrap/3-pf/dating/LG+G/mcmctree-2/mcmc.txt	63763
~/project/BTL/results/dating/official/wCelegans-correct/bootstrap/3-pf/dating/LG+G/mcmctree/mcmc.txt	50643
~/project/BTL/results/dating/official/wCelegans-correct/date-alt.dup/1-pf/Calibs/BAC/Biomarker.soft/mcmc.txt	300002
~/project/BTL/results/dating/official/wCelegans-correct/date-alt.dup/1-pf/Calibs/BAC/Cyano.soft/mcmc.txt	300002
~/project/BTL/results/dating/official/wCelegans-correct/date-alt.dup/1-pf/Calibs/BAC/GOE.soft/mcmc.txt	300002
~/project/BTL/results/dating/official/wCelegans-correct/date-alt.dup/1-pf/Calibs/BAC/GOE3225/mcmc.txt	300002
~/project/BTL/results/dating/official/wCelegans-correct/date-alt.dup/1-pf/Calibs/BAC/woBiomarker/mcmc.txt	300002
~/project/BTL/results/dating/official/wCelegans-correct/date-alt.dup/1-pf/Calibs/BAC/woCyano/mcmc.txt	300002
~/project/BTL/results/dating/official/wCelegans-correct/date-alt.dup/1-pf/Calibs/BAC/woGOE/mcmc.txt	300002
~/project/BTL/results/dating/official/wCelegans-correct/date-alt.dup/1-pf/Calibs/EUK/AR/mcmc.txt	300002
~/project/BTL/results/dating/official/wCelegans-correct/date-alt.dup/1-pf/Calibs/EUK/rafa/mcmc.txt	300002
~/project/BTL/results/dating/official/wCelegans-correct/date-alt.dup/1-pf/Calibs/EUK/soft/mcmc.txt	300002
~/project/BTL/results/dating/official/wCelegans-correct/date-alt.dup/1-pf/Calibs/EUK/turner/mcmc.txt	300002
~/project/BTL/results/dating/official/wCelegans-correct/date-alt.dup/1-pf/Calibs/EUK/wOverlap/mcmc.txt	300002
~/project/BTL/results/dating/official/wCelegans-correct/date-alt.dup/1-pf/IR/mcmc.txt	300002
~/project/BTL/results/dating/official/wCelegans-correct/date-alt.dup/1-pf/bd-ddBD/mcmc.txt	300002
~/project/BTL/results/dating/official/wCelegans-correct/date-alt.dup/1-pf/bd/mcmc.txt	300002
~/project/BTL/results/dating/official/wCelegans-correct/date-alt.dup/1-pf/gamma/mcmc.txt	300002
~/project/BTL/results/dating/official/wCelegans-correct/date-alt.dup/1-pf/prior/mcmc.txt	300002
~/project/BTL/results/dating/official/wCelegans-correct/date-alt.dup/1-pf/sigma/mcmc.txt	300002
~/project/BTL/results/dating/official/wCelegans-correct/date-alt.dup/2-pf/Calibs/BAC/Biomarker.soft/mcmc.txt	300002
~/project/BTL/results/dating/official/wCelegans-correct/date-alt.dup/2-pf/Calibs/BAC/Cyano.soft/mcmc.txt	300002
~/project/BTL/results/dating/official/wCelegans-correct/date-alt.dup/2-pf/Calibs/BAC/GOE.soft/mcmc.txt	300002
~/project/BTL/results/dating/official/wCelegans-correct/date-alt.dup/2-pf/Calibs/BAC/GOE3225/mcmc.txt	300002
~/project/BTL/results/dating/official/wCelegans-correct/date-alt.dup/2-pf/Calibs/BAC/woBiomarker/mcmc.txt	300002
~/project/BTL/results/dating/official/wCelegans-correct/date-alt.dup/2-pf/Calibs/BAC/woCyano/mcmc.txt	300002
~/project/BTL/results/dating/official/wCelegans-correct/date-alt.dup/2-pf/Calibs/BAC/woGOE/mcmc.txt	300002
~/project/BTL/results/dating/official/wCelegans-correct/date-alt.dup/2-pf/Calibs/EUK/AR/mcmc.txt	300002
~/project/BTL/results/dating/official/wCelegans-correct/date-alt.dup/2-pf/Calibs/EUK/rafa/mcmc.txt	300002
~/project/BTL/results/dating/official/wCelegans-correct/date-alt.dup/2-pf/Calibs/EUK/soft/mcmc.txt	300002
~/project/BTL/results/dating/official/wCelegans-correct/date-alt.dup/2-pf/Calibs/EUK/turner/mcmc.txt	300002
~/project/BTL/results/dating/official/wCelegans-correct/date-alt.dup/2-pf/Calibs/EUK/wOverlap/mcmc.txt	300002
~/project/BTL/results/dating/official/wCelegans-correct/date-alt.dup/2-pf/IR-2/mcmc.txt	300002
~/project/BTL/results/dating/official/wCelegans-correct/date-alt.dup/2-pf/IR/mcmc.txt	300002
~/project/BTL/results/dating/official/wCelegans-correct/date-alt.dup/2-pf/bd/mcmc.txt	300002
~/project/BTL/results/dating/official/wCelegans-correct/date-alt.dup/2-pf/gamma/mcmc.txt	300002
~/project/BTL/results/dating/official/wCelegans-correct/date-alt.dup/2-pf/prior/mcmc.txt	300002
~/project/BTL/results/dating/official/wCelegans-correct/date-alt.dup/2-pf/sigma/mcmc.txt	300002
~/project/BTL/results/dating/official/wCelegans-correct/date-alt.dup/3-pf/IR/mcmc.txt	0
~/project/BTL/results/dating/official/wCelegans-correct/date-alt.dup/3-pf/gamma/mcmc.txt	0
~/project/BTL/results/dating/official/wCelegans-correct/date-alt.dup/3-pf/prior/mcmc.txt	55
~/project/BTL/results/dating/official/wCelegans-correct/date-alt.topo/mito/1-pf/topo1/dating/C60/mcmctree-2/mcmc.txt	300002
~/project/BTL/results/dating/official/wCelegans-correct/date-alt.topo/mito/1-pf/topo1/dating/C60/mcmctree/mcmc.txt	300002
~/project/BTL/results/dating/official/wCelegans-correct/date-alt.topo/mito/1-pf/topo1/mcmctree-AR/combined/mcmc.txt	300002
~/project/BTL/results/dating/official/wCelegans-correct/date-alt.topo/mito/1-pf/topo2/dating/C60/mcmctree-2/mcmc.txt	300002
~/project/BTL/results/dating/official/wCelegans-correct/date-alt.topo/mito/1-pf/topo2/dating/C60/mcmctree/mcmc.txt	300002
~/project/BTL/results/dating/official/wCelegans-correct/date-alt.topo/mito/1-pf/topo3/dating/C60/mcmctree-2/mcmc.txt	300002
~/project/BTL/results/dating/official/wCelegans-correct/date-alt.topo/mito/1-pf/topo3/dating/C60/mcmctree/mcmc.txt	300002
~/project/BTL/results/dating/official/wCelegans-correct/date-alt.topo/mito/1-pf/topo4/dating/C60/mcmctree-2/mcmc.txt	300002
~/project/BTL/results/dating/official/wCelegans-correct/date-alt.topo/mito/1-pf/topo4/dating/C60/mcmctree/mcmc.txt	300002
~/project/BTL/results/dating/official/wCelegans-correct/date-alt.topo/mito/2-pf/topo1/dating/C60/mcmctree-2/mcmc.txt	72697
~/project/BTL/results/dating/official/wCelegans-correct/date-alt.topo/mito/2-pf/topo1/dating/C60/mcmctree/mcmc.txt	300002
~/project/BTL/results/dating/official/wCelegans-correct/date-alt.topo/mito/2-pf/topo2/dating/C60/mcmctree-2/mcmc.txt	79445
~/project/BTL/results/dating/official/wCelegans-correct/date-alt.topo/mito/2-pf/topo2/dating/C60/mcmctree/mcmc.txt	300002
~/project/BTL/results/dating/official/wCelegans-correct/date-alt.topo/mito/2-pf/topo3/dating/C60/mcmctree-2/mcmc.txt	76906
~/project/BTL/results/dating/official/wCelegans-correct/date-alt.topo/mito/2-pf/topo3/dating/C60/mcmctree/mcmc.txt	300002
~/project/BTL/results/dating/official/wCelegans-correct/date-alt.topo/mito/2-pf/topo4/dating/C60/mcmctree-2/mcmc.txt	76905
~/project/BTL/results/dating/official/wCelegans-correct/date-alt.topo/mito/2-pf/topo4/dating/C60/mcmctree/mcmc.txt	300002
~/project/BTL/results/dating/official/wCelegans-correct/date-alt.topo/noEuk/1-pf/date/dating/C60/mcmctree-2/mcmc.txt	300002
~/project/BTL/results/dating/official/wCelegans-correct/date-alt.topo/noEuk/1-pf/date/dating/C60/mcmctree-root50/mcmc.txt	300002
~/project/BTL/results/dating/official/wCelegans-correct/date-alt.topo/noEuk/1-pf/date/dating/C60/mcmctree-root55/mcmc.txt	300002
~/project/BTL/results/dating/official/wCelegans-correct/date-alt.topo/noEuk/1-pf/date/dating/C60/mcmctree-root60/mcmc.txt	300002
~/project/BTL/results/dating/official/wCelegans-correct/date-alt.topo/noEuk/1-pf/date/dating/C60/mcmctree/mcmc.txt	300002
~/project/BTL/results/dating/official/wCelegans-correct/date-alt.topo/noEuk/2-pf/date/dating/C60/mcmctree-2/mcmc.txt	300002
~/project/BTL/results/dating/official/wCelegans-correct/date-alt.topo/noEuk/2-pf/date/dating/C60/mcmctree-root50/mcmc.txt	300002
~/project/BTL/results/dating/official/wCelegans-correct/date-alt.topo/noEuk/2-pf/date/dating/C60/mcmctree-root55/mcmc.txt	300002
~/project/BTL/results/dating/official/wCelegans-correct/date-alt.topo/noEuk/2-pf/date/dating/C60/mcmctree-root60/mcmc.txt	300002
~/project/BTL/results/dating/official/wCelegans-correct/date-alt.topo/noEuk/2-pf/date/dating/C60/mcmctree/mcmc.txt	300002
~/project/BTL/results/dating/official/wCelegans-correct/date-alt.topo/noEuk/2-pf/date/mcmctree-AR/combined-root50/mcmc.txt	300002
~/project/BTL/results/dating/official/wCelegans-correct/date-alt.topo/noEuk/2-pf/date/mcmctree-AR/combined-root55/mcmc.txt	300002
~/project/BTL/results/dating/official/wCelegans-correct/date-alt.topo/noEuk/2-pf/date/mcmctree-AR/combined-root60/mcmc.txt	300002
~/project/BTL/results/dating/official/wCelegans-correct/date-alt.topo/noEuk/2-pf/date/mcmctree-AR/combined/mcmc.txt	300002
~/project/BTL/results/dating/official/wCelegans-correct/date-alt.topo/noEuk/3-pf/date/dating/C60/mcmctree-2/mcmc.txt	300002
~/project/BTL/results/dating/official/wCelegans-correct/date-alt.topo/noEuk/3-pf/date/dating/C60/mcmctree/mcmc.txt	300002
~/project/BTL/results/dating/official/wCelegans-correct/date-alt.topo/noFuso/1-pf/date/mcmctree-AR/combined/mcmc.txt	83488
~/project/BTL/results/dating/official/wCelegans-correct/date-alt.topo/noFuso/2-pf/date/mcmctree-AR/combined/mcmc.txt	300002
~/project/BTL/results/dating/official/wCelegans-correct/date-alt.topo/rick-mito/1-pf/dating/C60/mcmctree-2/mcmc.txt	300002
~/project/BTL/results/dating/official/wCelegans-correct/date-alt.topo/rick-mito/1-pf/dating/C60/mcmctree/mcmc.txt	300002
~/project/BTL/results/dating/official/wCelegans-correct/date-alt.topo/rick-mito/2-pf/dating/C60/mcmctree-2/mcmc.txt	300002
~/project/BTL/results/dating/official/wCelegans-correct/date-alt.topo/rick-mito/2-pf/dating/C60/mcmctree.old/mcmc.txt	300002
~/project/BTL/results/dating/official/wCelegans-correct/date-alt.topo/rick-mito/2-pf/dating/C60/mcmctree/mcmc.txt	300002
~/project/BTL/results/dating/official/wCelegans-correct/date-alt.topo/rick-mito/3-pf/dating/C60/mcmctree-2/mcmc.txt	181931
~/project/BTL/results/dating/official/wCelegans-correct/date-alt.topo/rick-mito/3-pf/dating/C60/mcmctree/mcmc.txt	300002
~/project/BTL/results/dating/official/wCelegans-correct/date-alt/1-pf/Calibs/BAC/Biomarker.Cauchy/mcmctree-2/mcmc.txt	142707
~/project/BTL/results/dating/official/wCelegans-correct/date-alt/1-pf/Calibs/BAC/Biomarker.Cauchy/mcmctree/mcmc.txt	300002
~/project/BTL/results/dating/official/wCelegans-correct/date-alt/1-pf/Calibs/BAC/Biomarker.soft/mcmctree/mcmc.txt	300002
~/project/BTL/results/dating/official/wCelegans-correct/date-alt/1-pf/Calibs/BAC/Cauchy/mcmctree-2/mcmc.txt	141425
~/project/BTL/results/dating/official/wCelegans-correct/date-alt/1-pf/Calibs/BAC/Cauchy/mcmctree/mcmc.txt	300002
~/project/BTL/results/dating/official/wCelegans-correct/date-alt/1-pf/Calibs/BAC/Cyano.Cauchy/mcmctree-2/mcmc.txt	142066
~/project/BTL/results/dating/official/wCelegans-correct/date-alt/1-pf/Calibs/BAC/Cyano.Cauchy/mcmctree/mcmc.txt	142708
~/project/BTL/results/dating/official/wCelegans-correct/date-alt/1-pf/Calibs/BAC/Cyano.soft/mcmctree/mcmc.txt	300002
~/project/BTL/results/dating/official/wCelegans-correct/date-alt/1-pf/Calibs/BAC/GOE.soft/mcmctree/mcmc.txt	300002
~/project/BTL/results/dating/official/wCelegans-correct/date-alt/1-pf/Calibs/BAC/GOE3225/mcmctree/mcmc.txt	300002
~/project/BTL/results/dating/official/wCelegans-correct/date-alt/1-pf/Calibs/BAC/Nos12/mcmctree-2/mcmc.txt	144634
~/project/BTL/results/dating/official/wCelegans-correct/date-alt/1-pf/Calibs/BAC/Nos12/mcmctree/mcmc.txt	145918
~/project/BTL/results/dating/official/wCelegans-correct/date-alt/1-pf/Calibs/BAC/woBiomarker/mcmctree/mcmc.txt	300002
~/project/BTL/results/dating/official/wCelegans-correct/date-alt/1-pf/Calibs/BAC/woCyano/mcmctree/mcmc.txt	300002
~/project/BTL/results/dating/official/wCelegans-correct/date-alt/1-pf/Calibs/BAC/woGOE/mcmctree/mcmc.txt	300002
~/project/BTL/results/dating/official/wCelegans-correct/date-alt/1-pf/Calibs/EUK/AR/mcmctree/mcmc.txt	300002
~/project/BTL/results/dating/official/wCelegans-correct/date-alt/1-pf/Calibs/EUK/rafa/mcmctree/mcmc.txt	300002
~/project/BTL/results/dating/official/wCelegans-correct/date-alt/1-pf/Calibs/EUK/soft/mcmctree/mcmc.txt	300002
~/project/BTL/results/dating/official/wCelegans-correct/date-alt/1-pf/Calibs/EUK/turner/mcmctree/mcmc.txt	300002
~/project/BTL/results/dating/official/wCelegans-correct/date-alt/1-pf/Calibs/EUK/wOverlap/mcmctree/mcmc.txt	300002
~/project/BTL/results/dating/official/wCelegans-correct/date-alt/1-pf/IR.wRate/mcmctree/mcmc.txt	300002
~/project/BTL/results/dating/official/wCelegans-correct/date-alt/1-pf/IR/mcmctree-2/mcmc.txt	300002
~/project/BTL/results/dating/official/wCelegans-correct/date-alt/1-pf/IR/mcmctree/mcmc.txt	300002
~/project/BTL/results/dating/official/wCelegans-correct/date-alt/1-pf/bd-ddBD/mcmctree/mcmc.txt	300002
~/project/BTL/results/dating/official/wCelegans-correct/date-alt/1-pf/bd/mcmctree-2/mcmc.txt	300002
~/project/BTL/results/dating/official/wCelegans-correct/date-alt/1-pf/bd/mcmctree/mcmc.txt	300002
~/project/BTL/results/dating/official/wCelegans-correct/date-alt/1-pf/gamma/mcmctree-2/mcmc.txt	300002
~/project/BTL/results/dating/official/wCelegans-correct/date-alt/1-pf/gamma/mcmctree/mcmc.txt	300002
~/project/BTL/results/dating/official/wCelegans-correct/date-alt/1-pf/prior/mcmctree-2/mcmc.txt	300002
~/project/BTL/results/dating/official/wCelegans-correct/date-alt/1-pf/prior/mcmctree/mcmc.txt	300002
~/project/BTL/results/dating/official/wCelegans-correct/date-alt/1-pf/sigma/mcmctree-2/mcmc.txt	300002
~/project/BTL/results/dating/official/wCelegans-correct/date-alt/1-pf/sigma/mcmctree/mcmc.txt	300002
~/project/BTL/results/dating/official/wCelegans-correct/date-alt/2-pf/Calibs/BAC/Biomarker.Cauchy/mcmctree-2/mcmc.txt	117691
~/project/BTL/results/dating/official/wCelegans-correct/date-alt/2-pf/Calibs/BAC/Biomarker.Cauchy/mcmctree/mcmc.txt	77542
~/project/BTL/results/dating/official/wCelegans-correct/date-alt/2-pf/Calibs/BAC/Biomarker.soft/mcmctree/mcmc.txt	300002
~/project/BTL/results/dating/official/wCelegans-correct/date-alt/2-pf/Calibs/BAC/Cauchy/mcmctree-2/mcmc.txt	75002
~/project/BTL/results/dating/official/wCelegans-correct/date-alt/2-pf/Calibs/BAC/Cauchy/mcmctree/mcmc.txt	88336
~/project/BTL/results/dating/official/wCelegans-correct/date-alt/2-pf/Calibs/BAC/Cyano.Cauchy/mcmctree-2/mcmc.txt	77540
~/project/BTL/results/dating/official/wCelegans-correct/date-alt/2-pf/Calibs/BAC/Cyano.Cauchy/mcmctree/mcmc.txt	75002
~/project/BTL/results/dating/official/wCelegans-correct/date-alt/2-pf/Calibs/BAC/Cyano.soft/mcmctree/mcmc.txt	300002
~/project/BTL/results/dating/official/wCelegans-correct/date-alt/2-pf/Calibs/BAC/GOE.soft/mcmctree/mcmc.txt	300002
~/project/BTL/results/dating/official/wCelegans-correct/date-alt/2-pf/Calibs/BAC/GOE3225/mcmctree/mcmc.txt	300002
~/project/BTL/results/dating/official/wCelegans-correct/date-alt/2-pf/Calibs/BAC/Nos12/mcmctree-2/mcmc.txt	83887
~/project/BTL/results/dating/official/wCelegans-correct/date-alt/2-pf/Calibs/BAC/Nos12/mcmctree/mcmc.txt	76271
~/project/BTL/results/dating/official/wCelegans-correct/date-alt/2-pf/Calibs/BAC/woBiomarker/mcmctree/mcmc.txt	300002
~/project/BTL/results/dating/official/wCelegans-correct/date-alt/2-pf/Calibs/BAC/woCyano/mcmctree/mcmc.txt	300002
~/project/BTL/results/dating/official/wCelegans-correct/date-alt/2-pf/Calibs/BAC/woGOE/mcmctree/mcmc.txt	300002
~/project/BTL/results/dating/official/wCelegans-correct/date-alt/2-pf/Calibs/EUK/AR/mcmctree/mcmc.txt	300002
~/project/BTL/results/dating/official/wCelegans-correct/date-alt/2-pf/Calibs/EUK/rafa/mcmctree/mcmc.txt	300002
~/project/BTL/results/dating/official/wCelegans-correct/date-alt/2-pf/Calibs/EUK/soft/mcmctree/mcmc.txt	300002
~/project/BTL/results/dating/official/wCelegans-correct/date-alt/2-pf/Calibs/EUK/turner/mcmctree/mcmc.txt	300002
~/project/BTL/results/dating/official/wCelegans-correct/date-alt/2-pf/Calibs/EUK/wOverlap/mcmctree/mcmc.txt	300002
~/project/BTL/results/dating/official/wCelegans-correct/date-alt/2-pf/IR.wRate/mcmctree/mcmc.txt	300002
~/project/BTL/results/dating/official/wCelegans-correct/date-alt/2-pf/IR/mcmctree/mcmc.txt	300002
~/project/BTL/results/dating/official/wCelegans-correct/date-alt/2-pf/bd/mcmctree-2/mcmc.txt	300002
~/project/BTL/results/dating/official/wCelegans-correct/date-alt/2-pf/bd/mcmctree/mcmc.txt	300002
~/project/BTL/results/dating/official/wCelegans-correct/date-alt/2-pf/gamma/mcmctree-2/mcmc.txt	300002
~/project/BTL/results/dating/official/wCelegans-correct/date-alt/2-pf/gamma/mcmctree/mcmc.txt	300002
~/project/BTL/results/dating/official/wCelegans-correct/date-alt/2-pf/prior/mcmctree-2/mcmc.txt	300002
~/project/BTL/results/dating/official/wCelegans-correct/date-alt/2-pf/prior/mcmctree/mcmc.txt	300002
~/project/BTL/results/dating/official/wCelegans-correct/date-alt/2-pf/sigma/mcmctree-2/mcmc.txt	300002
~/project/BTL/results/dating/official/wCelegans-correct/date-alt/2-pf/sigma/mcmctree/mcmc.txt	300002
~/project/BTL/results/dating/official/wCelegans-correct/date-alt/3-pf/IR/mcmc.txt	76889
~/project/BTL/results/dating/official/wCelegans-correct/date-alt/3-pf/gamma/mcmc.txt	63139
~/project/BTL/results/dating/official/wCelegans-correct/date-alt/3-pf/prior/mcmc.txt	300002
~/project/BTL/results/dating/official/wCelegans-correct/date-fg/1-pf/dating/C60/mcmctree-2/mcmc.txt	300002
~/project/BTL/results/dating/official/wCelegans-correct/date-fg/1-pf/dating/C60/mcmctree/mcmc.txt	300002
~/project/BTL/results/dating/official/wCelegans-correct/date-fg/2-pf/dating/C60/mcmctree-2/mcmc.txt	78174
~/project/BTL/results/dating/official/wCelegans-correct/date-fg/2-pf/dating/C60/mcmctree/mcmc.txt	300002
~/project/BTL/results/dating/official/wCelegans-correct/date-fg/3-pf/dating/C60/mcmctree-2/mcmc.txt	164862
~/project/BTL/results/dating/official/wCelegans-correct/date-fg/3-pf/dating/C60/mcmctree/mcmc.txt	300002
~/project/BTL/results/dating/official/wCelegans-correct/date.slow/1-pf/mcmctree-AR/combined-sequential.HARD/mcmc.txt	300002
~/project/BTL/results/dating/official/wCelegans-correct/date.slow/2-pf/mcmctree-AR/combined-sequential.HARD/mcmc.txt	300002
~/project/BTL/results/dating/official/wCelegans-correct/date.slow/3-pf/mcmctree-AR/combined-sequential.HARD-2/mcmc.txt	83153
~/project/BTL/results/dating/official/wCelegans-correct/date.slow/3-pf/mcmctree-AR/combined-sequential.HARD/mcmc.txt	300002
~/project/BTL/results/dating/official/wCelegans-correct/date.slow/4-pf/mcmctree-AR/combined-sequential.HARD/mcmc.txt	119244
~/project/BTL/results/dating/official/wCelegans-correct/deltaLL/bs/delta/10/dating/C60/mcmctree/mcmc.txt	300002
~/project/BTL/results/dating/official/wCelegans-correct/deltaLL/bs/delta/10_2/dating/C60/mcmctree/mcmc.txt	300002
~/project/BTL/results/dating/official/wCelegans-correct/deltaLL/bs/delta/15/dating/C60/mcmctree/mcmc.txt	300002
~/project/BTL/results/dating/official/wCelegans-correct/deltaLL/bs/delta/5/dating/C60/mcmctree/mcmc.txt	300002
~/project/BTL/results/dating/official/wCelegans-correct/deltaLL/bs/delta/5_2/dating/C60/mcmctree/mcmc.txt	300002
~/project/BTL/results/dating/official/wCelegans-correct/deltaLL/bs/rate/10/dating/C60/mcmctree/mcmc.txt	300002
~/project/BTL/results/dating/official/wCelegans-correct/deltaLL/bs/rate/15/dating/C60/mcmctree/mcmc.txt	300002
~/project/BTL/results/dating/official/wCelegans-correct/deltaLL/bs/rate/5/dating/C60/mcmctree.old/mcmc.txt	300002
~/project/BTL/results/dating/official/wCelegans-correct/deltaLL/bs/rate/5/dating/C60/mcmctree/mcmc.txt	300002
~/project/BTL/results/dating/official/wCelegans-correct/deltaLL/default/delta/10/dating/ori/mcmctree/mcmc.txt	300002
~/project/BTL/results/dating/official/wCelegans-correct/deltaLL/default/delta/15/dating/ori/mcmctree/mcmc.txt	300002
~/project/BTL/results/dating/official/wCelegans-correct/deltaLL/default/delta/5/dating/ori/mcmctree/mcmc.txt	300002
~/project/BTL/results/dating/official/wCelegans-correct/deltaLL/default/rate/10/dating/ori/mcmctree/mcmc.txt	300002
~/project/BTL/results/dating/official/wCelegans-correct/deltaLL/default/rate/15/dating/ori/mcmctree/mcmc.txt	300002
~/project/BTL/results/dating/official/wCelegans-correct/deltaLL/default/rate/5/dating/ori/mcmctree/mcmc.txt	300002
